[2025-09-09T10:01:46.474+0300] {processor.py:161} INFO - Started process (PID=15648) to work on /mnt/c/Users/Ogalo/Projects/EFT-Banking-Pipeline/airflow_home/dags/banking_data_pipeline.py
[2025-09-09T10:01:46.478+0300] {processor.py:830} INFO - Processing file /mnt/c/Users/Ogalo/Projects/EFT-Banking-Pipeline/airflow_home/dags/banking_data_pipeline.py for tasks to queue
[2025-09-09T10:01:46.482+0300] {logging_mixin.py:188} INFO - [2025-09-09T10:01:46.480+0300] {dagbag.py:540} INFO - Filling up the DagBag from /mnt/c/Users/Ogalo/Projects/EFT-Banking-Pipeline/airflow_home/dags/banking_data_pipeline.py
[2025-09-09T10:01:59.726+0300] {processor.py:840} INFO - DAG(s) 'banking_data_pipeline' retrieved from /mnt/c/Users/Ogalo/Projects/EFT-Banking-Pipeline/airflow_home/dags/banking_data_pipeline.py
[2025-09-09T10:02:01.264+0300] {logging_mixin.py:188} INFO - [2025-09-09T10:02:01.262+0300] {override.py:1769} INFO - Created Permission View: can read on DAG:banking_data_pipeline
[2025-09-09T10:02:01.288+0300] {logging_mixin.py:188} INFO - [2025-09-09T10:02:01.286+0300] {override.py:1769} INFO - Created Permission View: can delete on DAG:banking_data_pipeline
[2025-09-09T10:02:01.305+0300] {logging_mixin.py:188} INFO - [2025-09-09T10:02:01.303+0300] {override.py:1769} INFO - Created Permission View: can edit on DAG:banking_data_pipeline
[2025-09-09T10:02:01.308+0300] {logging_mixin.py:188} INFO - [2025-09-09T10:02:01.307+0300] {dag.py:3047} INFO - Sync 1 DAGs
[2025-09-09T10:02:01.322+0300] {logging_mixin.py:188} INFO - [2025-09-09T10:02:01.321+0300] {dag.py:3069} INFO - Creating ORM DAG for banking_data_pipeline
[2025-09-09T10:02:01.337+0300] {logging_mixin.py:188} INFO - [2025-09-09T10:02:01.335+0300] {dag.py:3834} INFO - Setting next_dagrun for banking_data_pipeline to 2025-01-01 02:00:00+00:00, run_after=2025-01-02 02:00:00+00:00
[2025-09-09T10:02:01.392+0300] {processor.py:183} INFO - Processing /mnt/c/Users/Ogalo/Projects/EFT-Banking-Pipeline/airflow_home/dags/banking_data_pipeline.py took 14.826 seconds
[2025-09-09T10:02:31.643+0300] {processor.py:161} INFO - Started process (PID=15663) to work on /mnt/c/Users/Ogalo/Projects/EFT-Banking-Pipeline/airflow_home/dags/banking_data_pipeline.py
[2025-09-09T10:02:31.647+0300] {processor.py:830} INFO - Processing file /mnt/c/Users/Ogalo/Projects/EFT-Banking-Pipeline/airflow_home/dags/banking_data_pipeline.py for tasks to queue
[2025-09-09T10:02:31.653+0300] {logging_mixin.py:188} INFO - [2025-09-09T10:02:31.650+0300] {dagbag.py:540} INFO - Filling up the DagBag from /mnt/c/Users/Ogalo/Projects/EFT-Banking-Pipeline/airflow_home/dags/banking_data_pipeline.py
[2025-09-09T10:02:38.045+0300] {processor.py:840} INFO - DAG(s) 'banking_data_pipeline' retrieved from /mnt/c/Users/Ogalo/Projects/EFT-Banking-Pipeline/airflow_home/dags/banking_data_pipeline.py
[2025-09-09T10:02:38.188+0300] {logging_mixin.py:188} INFO - [2025-09-09T10:02:38.187+0300] {dag.py:3047} INFO - Sync 1 DAGs
[2025-09-09T10:02:38.215+0300] {logging_mixin.py:188} INFO - [2025-09-09T10:02:38.214+0300] {dag.py:3834} INFO - Setting next_dagrun for banking_data_pipeline to 2025-01-01 02:00:00+00:00, run_after=2025-01-02 02:00:00+00:00
[2025-09-09T10:02:38.263+0300] {processor.py:183} INFO - Processing /mnt/c/Users/Ogalo/Projects/EFT-Banking-Pipeline/airflow_home/dags/banking_data_pipeline.py took 6.630 seconds
[2025-09-09T10:03:08.569+0300] {processor.py:161} INFO - Started process (PID=15677) to work on /mnt/c/Users/Ogalo/Projects/EFT-Banking-Pipeline/airflow_home/dags/banking_data_pipeline.py
[2025-09-09T10:03:08.572+0300] {processor.py:830} INFO - Processing file /mnt/c/Users/Ogalo/Projects/EFT-Banking-Pipeline/airflow_home/dags/banking_data_pipeline.py for tasks to queue
[2025-09-09T10:03:08.576+0300] {logging_mixin.py:188} INFO - [2025-09-09T10:03:08.574+0300] {dagbag.py:540} INFO - Filling up the DagBag from /mnt/c/Users/Ogalo/Projects/EFT-Banking-Pipeline/airflow_home/dags/banking_data_pipeline.py
[2025-09-09T10:03:13.923+0300] {processor.py:840} INFO - DAG(s) 'banking_data_pipeline' retrieved from /mnt/c/Users/Ogalo/Projects/EFT-Banking-Pipeline/airflow_home/dags/banking_data_pipeline.py
[2025-09-09T10:03:14.052+0300] {logging_mixin.py:188} INFO - [2025-09-09T10:03:14.050+0300] {dag.py:3047} INFO - Sync 1 DAGs
[2025-09-09T10:03:14.075+0300] {logging_mixin.py:188} INFO - [2025-09-09T10:03:14.074+0300] {dag.py:3834} INFO - Setting next_dagrun for banking_data_pipeline to 2025-01-01 02:00:00+00:00, run_after=2025-01-02 02:00:00+00:00
[2025-09-09T10:03:14.105+0300] {processor.py:183} INFO - Processing /mnt/c/Users/Ogalo/Projects/EFT-Banking-Pipeline/airflow_home/dags/banking_data_pipeline.py took 5.541 seconds
[2025-09-09T10:03:44.272+0300] {processor.py:161} INFO - Started process (PID=15693) to work on /mnt/c/Users/Ogalo/Projects/EFT-Banking-Pipeline/airflow_home/dags/banking_data_pipeline.py
[2025-09-09T10:03:44.311+0300] {processor.py:830} INFO - Processing file /mnt/c/Users/Ogalo/Projects/EFT-Banking-Pipeline/airflow_home/dags/banking_data_pipeline.py for tasks to queue
[2025-09-09T10:03:44.315+0300] {logging_mixin.py:188} INFO - [2025-09-09T10:03:44.314+0300] {dagbag.py:540} INFO - Filling up the DagBag from /mnt/c/Users/Ogalo/Projects/EFT-Banking-Pipeline/airflow_home/dags/banking_data_pipeline.py
[2025-09-09T10:03:54.399+0300] {processor.py:840} INFO - DAG(s) 'banking_data_pipeline' retrieved from /mnt/c/Users/Ogalo/Projects/EFT-Banking-Pipeline/airflow_home/dags/banking_data_pipeline.py
[2025-09-09T10:03:54.575+0300] {logging_mixin.py:188} INFO - [2025-09-09T10:03:54.573+0300] {dag.py:3047} INFO - Sync 1 DAGs
[2025-09-09T10:03:54.616+0300] {logging_mixin.py:188} INFO - [2025-09-09T10:03:54.614+0300] {dag.py:3834} INFO - Setting next_dagrun for banking_data_pipeline to 2025-01-01 02:00:00+00:00, run_after=2025-01-02 02:00:00+00:00
[2025-09-09T10:03:54.662+0300] {processor.py:183} INFO - Processing /mnt/c/Users/Ogalo/Projects/EFT-Banking-Pipeline/airflow_home/dags/banking_data_pipeline.py took 10.287 seconds
[2025-09-09T10:04:25.206+0300] {processor.py:161} INFO - Started process (PID=15718) to work on /mnt/c/Users/Ogalo/Projects/EFT-Banking-Pipeline/airflow_home/dags/banking_data_pipeline.py
[2025-09-09T10:04:25.210+0300] {processor.py:830} INFO - Processing file /mnt/c/Users/Ogalo/Projects/EFT-Banking-Pipeline/airflow_home/dags/banking_data_pipeline.py for tasks to queue
[2025-09-09T10:04:25.213+0300] {logging_mixin.py:188} INFO - [2025-09-09T10:04:25.212+0300] {dagbag.py:540} INFO - Filling up the DagBag from /mnt/c/Users/Ogalo/Projects/EFT-Banking-Pipeline/airflow_home/dags/banking_data_pipeline.py
[2025-09-09T10:04:31.635+0300] {processor.py:840} INFO - DAG(s) 'banking_data_pipeline' retrieved from /mnt/c/Users/Ogalo/Projects/EFT-Banking-Pipeline/airflow_home/dags/banking_data_pipeline.py
[2025-09-09T10:04:31.929+0300] {logging_mixin.py:188} INFO - [2025-09-09T10:04:31.927+0300] {dag.py:3047} INFO - Sync 1 DAGs
[2025-09-09T10:04:32.085+0300] {logging_mixin.py:188} INFO - [2025-09-09T10:04:32.083+0300] {dag.py:3834} INFO - Setting next_dagrun for banking_data_pipeline to 2025-01-01 02:00:00+00:00, run_after=2025-01-02 02:00:00+00:00
[2025-09-09T10:04:32.156+0300] {processor.py:183} INFO - Processing /mnt/c/Users/Ogalo/Projects/EFT-Banking-Pipeline/airflow_home/dags/banking_data_pipeline.py took 6.953 seconds
[2025-09-09T10:05:02.746+0300] {processor.py:161} INFO - Started process (PID=15732) to work on /mnt/c/Users/Ogalo/Projects/EFT-Banking-Pipeline/airflow_home/dags/banking_data_pipeline.py
[2025-09-09T10:05:02.748+0300] {processor.py:830} INFO - Processing file /mnt/c/Users/Ogalo/Projects/EFT-Banking-Pipeline/airflow_home/dags/banking_data_pipeline.py for tasks to queue
[2025-09-09T10:05:02.752+0300] {logging_mixin.py:188} INFO - [2025-09-09T10:05:02.750+0300] {dagbag.py:540} INFO - Filling up the DagBag from /mnt/c/Users/Ogalo/Projects/EFT-Banking-Pipeline/airflow_home/dags/banking_data_pipeline.py
[2025-09-09T10:05:08.796+0300] {processor.py:840} INFO - DAG(s) 'banking_data_pipeline' retrieved from /mnt/c/Users/Ogalo/Projects/EFT-Banking-Pipeline/airflow_home/dags/banking_data_pipeline.py
[2025-09-09T10:05:08.943+0300] {logging_mixin.py:188} INFO - [2025-09-09T10:05:08.941+0300] {dag.py:3047} INFO - Sync 1 DAGs
[2025-09-09T10:05:08.967+0300] {logging_mixin.py:188} INFO - [2025-09-09T10:05:08.966+0300] {dag.py:3834} INFO - Setting next_dagrun for banking_data_pipeline to 2025-01-01 02:00:00+00:00, run_after=2025-01-02 02:00:00+00:00
[2025-09-09T10:05:08.999+0300] {processor.py:183} INFO - Processing /mnt/c/Users/Ogalo/Projects/EFT-Banking-Pipeline/airflow_home/dags/banking_data_pipeline.py took 6.256 seconds
[2025-09-09T10:05:39.300+0300] {processor.py:161} INFO - Started process (PID=15751) to work on /mnt/c/Users/Ogalo/Projects/EFT-Banking-Pipeline/airflow_home/dags/banking_data_pipeline.py
[2025-09-09T10:05:39.304+0300] {processor.py:830} INFO - Processing file /mnt/c/Users/Ogalo/Projects/EFT-Banking-Pipeline/airflow_home/dags/banking_data_pipeline.py for tasks to queue
[2025-09-09T10:05:39.308+0300] {logging_mixin.py:188} INFO - [2025-09-09T10:05:39.306+0300] {dagbag.py:540} INFO - Filling up the DagBag from /mnt/c/Users/Ogalo/Projects/EFT-Banking-Pipeline/airflow_home/dags/banking_data_pipeline.py
[2025-09-09T10:05:45.188+0300] {processor.py:840} INFO - DAG(s) 'banking_data_pipeline' retrieved from /mnt/c/Users/Ogalo/Projects/EFT-Banking-Pipeline/airflow_home/dags/banking_data_pipeline.py
[2025-09-09T10:05:45.694+0300] {logging_mixin.py:188} INFO - [2025-09-09T10:05:45.691+0300] {dag.py:3047} INFO - Sync 1 DAGs
[2025-09-09T10:05:45.954+0300] {logging_mixin.py:188} INFO - [2025-09-09T10:05:45.952+0300] {dag.py:3834} INFO - Setting next_dagrun for banking_data_pipeline to 2025-01-01 02:00:00+00:00, run_after=2025-01-02 02:00:00+00:00
[2025-09-09T10:05:46.038+0300] {processor.py:183} INFO - Processing /mnt/c/Users/Ogalo/Projects/EFT-Banking-Pipeline/airflow_home/dags/banking_data_pipeline.py took 6.744 seconds
[2025-09-09T10:06:16.663+0300] {processor.py:161} INFO - Started process (PID=15763) to work on /mnt/c/Users/Ogalo/Projects/EFT-Banking-Pipeline/airflow_home/dags/banking_data_pipeline.py
[2025-09-09T10:06:16.665+0300] {processor.py:830} INFO - Processing file /mnt/c/Users/Ogalo/Projects/EFT-Banking-Pipeline/airflow_home/dags/banking_data_pipeline.py for tasks to queue
[2025-09-09T10:06:16.667+0300] {logging_mixin.py:188} INFO - [2025-09-09T10:06:16.666+0300] {dagbag.py:540} INFO - Filling up the DagBag from /mnt/c/Users/Ogalo/Projects/EFT-Banking-Pipeline/airflow_home/dags/banking_data_pipeline.py
[2025-09-09T10:06:23.248+0300] {processor.py:840} INFO - DAG(s) 'banking_data_pipeline' retrieved from /mnt/c/Users/Ogalo/Projects/EFT-Banking-Pipeline/airflow_home/dags/banking_data_pipeline.py
[2025-09-09T10:06:23.374+0300] {logging_mixin.py:188} INFO - [2025-09-09T10:06:23.372+0300] {dag.py:3047} INFO - Sync 1 DAGs
[2025-09-09T10:06:23.399+0300] {logging_mixin.py:188} INFO - [2025-09-09T10:06:23.397+0300] {dag.py:3834} INFO - Setting next_dagrun for banking_data_pipeline to 2025-01-01 02:00:00+00:00, run_after=2025-01-02 02:00:00+00:00
[2025-09-09T10:06:23.429+0300] {processor.py:183} INFO - Processing /mnt/c/Users/Ogalo/Projects/EFT-Banking-Pipeline/airflow_home/dags/banking_data_pipeline.py took 6.664 seconds
[2025-09-09T10:06:53.785+0300] {processor.py:161} INFO - Started process (PID=15778) to work on /mnt/c/Users/Ogalo/Projects/EFT-Banking-Pipeline/airflow_home/dags/banking_data_pipeline.py
[2025-09-09T10:06:53.789+0300] {processor.py:830} INFO - Processing file /mnt/c/Users/Ogalo/Projects/EFT-Banking-Pipeline/airflow_home/dags/banking_data_pipeline.py for tasks to queue
[2025-09-09T10:06:53.793+0300] {logging_mixin.py:188} INFO - [2025-09-09T10:06:53.791+0300] {dagbag.py:540} INFO - Filling up the DagBag from /mnt/c/Users/Ogalo/Projects/EFT-Banking-Pipeline/airflow_home/dags/banking_data_pipeline.py
[2025-09-09T10:06:59.697+0300] {processor.py:840} INFO - DAG(s) 'banking_data_pipeline' retrieved from /mnt/c/Users/Ogalo/Projects/EFT-Banking-Pipeline/airflow_home/dags/banking_data_pipeline.py
[2025-09-09T10:06:59.829+0300] {logging_mixin.py:188} INFO - [2025-09-09T10:06:59.827+0300] {dag.py:3047} INFO - Sync 1 DAGs
[2025-09-09T10:06:59.854+0300] {logging_mixin.py:188} INFO - [2025-09-09T10:06:59.852+0300] {dag.py:3834} INFO - Setting next_dagrun for banking_data_pipeline to 2025-01-01 02:00:00+00:00, run_after=2025-01-02 02:00:00+00:00
[2025-09-09T10:06:59.887+0300] {processor.py:183} INFO - Processing /mnt/c/Users/Ogalo/Projects/EFT-Banking-Pipeline/airflow_home/dags/banking_data_pipeline.py took 6.106 seconds
[2025-09-09T10:07:30.576+0300] {processor.py:161} INFO - Started process (PID=15794) to work on /mnt/c/Users/Ogalo/Projects/EFT-Banking-Pipeline/airflow_home/dags/banking_data_pipeline.py
[2025-09-09T10:07:30.581+0300] {processor.py:830} INFO - Processing file /mnt/c/Users/Ogalo/Projects/EFT-Banking-Pipeline/airflow_home/dags/banking_data_pipeline.py for tasks to queue
[2025-09-09T10:07:30.585+0300] {logging_mixin.py:188} INFO - [2025-09-09T10:07:30.584+0300] {dagbag.py:540} INFO - Filling up the DagBag from /mnt/c/Users/Ogalo/Projects/EFT-Banking-Pipeline/airflow_home/dags/banking_data_pipeline.py
[2025-09-09T10:07:35.821+0300] {processor.py:840} INFO - DAG(s) 'banking_data_pipeline' retrieved from /mnt/c/Users/Ogalo/Projects/EFT-Banking-Pipeline/airflow_home/dags/banking_data_pipeline.py
[2025-09-09T10:07:35.959+0300] {logging_mixin.py:188} INFO - [2025-09-09T10:07:35.957+0300] {dag.py:3047} INFO - Sync 1 DAGs
[2025-09-09T10:07:35.981+0300] {logging_mixin.py:188} INFO - [2025-09-09T10:07:35.979+0300] {dag.py:3834} INFO - Setting next_dagrun for banking_data_pipeline to 2025-01-01 02:00:00+00:00, run_after=2025-01-02 02:00:00+00:00
[2025-09-09T10:07:36.013+0300] {processor.py:183} INFO - Processing /mnt/c/Users/Ogalo/Projects/EFT-Banking-Pipeline/airflow_home/dags/banking_data_pipeline.py took 5.443 seconds
[2025-09-09T10:08:06.186+0300] {processor.py:161} INFO - Started process (PID=16155) to work on /mnt/c/Users/Ogalo/Projects/EFT-Banking-Pipeline/airflow_home/dags/banking_data_pipeline.py
[2025-09-09T10:08:06.189+0300] {processor.py:830} INFO - Processing file /mnt/c/Users/Ogalo/Projects/EFT-Banking-Pipeline/airflow_home/dags/banking_data_pipeline.py for tasks to queue
[2025-09-09T10:08:06.192+0300] {logging_mixin.py:188} INFO - [2025-09-09T10:08:06.190+0300] {dagbag.py:540} INFO - Filling up the DagBag from /mnt/c/Users/Ogalo/Projects/EFT-Banking-Pipeline/airflow_home/dags/banking_data_pipeline.py
[2025-09-09T10:08:11.824+0300] {processor.py:840} INFO - DAG(s) 'banking_data_pipeline' retrieved from /mnt/c/Users/Ogalo/Projects/EFT-Banking-Pipeline/airflow_home/dags/banking_data_pipeline.py
[2025-09-09T10:08:11.970+0300] {logging_mixin.py:188} INFO - [2025-09-09T10:08:11.968+0300] {dag.py:3047} INFO - Sync 1 DAGs
[2025-09-09T10:08:12.128+0300] {logging_mixin.py:188} INFO - [2025-09-09T10:08:12.126+0300] {dag.py:3834} INFO - Setting next_dagrun for banking_data_pipeline to 2025-01-01 02:00:00+00:00, run_after=2025-01-02 02:00:00+00:00
[2025-09-09T10:08:12.206+0300] {processor.py:183} INFO - Processing /mnt/c/Users/Ogalo/Projects/EFT-Banking-Pipeline/airflow_home/dags/banking_data_pipeline.py took 6.028 seconds
[2025-09-09T10:08:42.913+0300] {processor.py:161} INFO - Started process (PID=16169) to work on /mnt/c/Users/Ogalo/Projects/EFT-Banking-Pipeline/airflow_home/dags/banking_data_pipeline.py
[2025-09-09T10:08:42.916+0300] {processor.py:830} INFO - Processing file /mnt/c/Users/Ogalo/Projects/EFT-Banking-Pipeline/airflow_home/dags/banking_data_pipeline.py for tasks to queue
[2025-09-09T10:08:42.919+0300] {logging_mixin.py:188} INFO - [2025-09-09T10:08:42.918+0300] {dagbag.py:540} INFO - Filling up the DagBag from /mnt/c/Users/Ogalo/Projects/EFT-Banking-Pipeline/airflow_home/dags/banking_data_pipeline.py
[2025-09-09T10:08:48.731+0300] {processor.py:840} INFO - DAG(s) 'banking_data_pipeline' retrieved from /mnt/c/Users/Ogalo/Projects/EFT-Banking-Pipeline/airflow_home/dags/banking_data_pipeline.py
[2025-09-09T10:08:48.863+0300] {logging_mixin.py:188} INFO - [2025-09-09T10:08:48.862+0300] {dag.py:3047} INFO - Sync 1 DAGs
[2025-09-09T10:08:48.928+0300] {logging_mixin.py:188} INFO - [2025-09-09T10:08:48.927+0300] {dag.py:3834} INFO - Setting next_dagrun for banking_data_pipeline to 2025-01-01 02:00:00+00:00, run_after=2025-01-02 02:00:00+00:00
[2025-09-09T10:08:49.005+0300] {processor.py:183} INFO - Processing /mnt/c/Users/Ogalo/Projects/EFT-Banking-Pipeline/airflow_home/dags/banking_data_pipeline.py took 5.986 seconds
[2025-09-09T10:09:19.400+0300] {processor.py:161} INFO - Started process (PID=16216) to work on /mnt/c/Users/Ogalo/Projects/EFT-Banking-Pipeline/airflow_home/dags/banking_data_pipeline.py
[2025-09-09T10:09:19.403+0300] {processor.py:830} INFO - Processing file /mnt/c/Users/Ogalo/Projects/EFT-Banking-Pipeline/airflow_home/dags/banking_data_pipeline.py for tasks to queue
[2025-09-09T10:09:19.405+0300] {logging_mixin.py:188} INFO - [2025-09-09T10:09:19.404+0300] {dagbag.py:540} INFO - Filling up the DagBag from /mnt/c/Users/Ogalo/Projects/EFT-Banking-Pipeline/airflow_home/dags/banking_data_pipeline.py
[2025-09-09T10:09:26.587+0300] {processor.py:840} INFO - DAG(s) 'banking_data_pipeline' retrieved from /mnt/c/Users/Ogalo/Projects/EFT-Banking-Pipeline/airflow_home/dags/banking_data_pipeline.py
[2025-09-09T10:09:26.726+0300] {logging_mixin.py:188} INFO - [2025-09-09T10:09:26.724+0300] {dag.py:3047} INFO - Sync 1 DAGs
[2025-09-09T10:09:26.749+0300] {logging_mixin.py:188} INFO - [2025-09-09T10:09:26.747+0300] {dag.py:3834} INFO - Setting next_dagrun for banking_data_pipeline to 2025-01-01 02:00:00+00:00, run_after=2025-01-02 02:00:00+00:00
[2025-09-09T10:09:26.783+0300] {processor.py:183} INFO - Processing /mnt/c/Users/Ogalo/Projects/EFT-Banking-Pipeline/airflow_home/dags/banking_data_pipeline.py took 7.389 seconds
[2025-09-09T10:09:56.950+0300] {processor.py:161} INFO - Started process (PID=16235) to work on /mnt/c/Users/Ogalo/Projects/EFT-Banking-Pipeline/airflow_home/dags/banking_data_pipeline.py
[2025-09-09T10:09:56.953+0300] {processor.py:830} INFO - Processing file /mnt/c/Users/Ogalo/Projects/EFT-Banking-Pipeline/airflow_home/dags/banking_data_pipeline.py for tasks to queue
[2025-09-09T10:09:56.956+0300] {logging_mixin.py:188} INFO - [2025-09-09T10:09:56.955+0300] {dagbag.py:540} INFO - Filling up the DagBag from /mnt/c/Users/Ogalo/Projects/EFT-Banking-Pipeline/airflow_home/dags/banking_data_pipeline.py
[2025-09-09T10:10:02.801+0300] {processor.py:840} INFO - DAG(s) 'banking_data_pipeline' retrieved from /mnt/c/Users/Ogalo/Projects/EFT-Banking-Pipeline/airflow_home/dags/banking_data_pipeline.py
[2025-09-09T10:10:02.938+0300] {logging_mixin.py:188} INFO - [2025-09-09T10:10:02.936+0300] {dag.py:3047} INFO - Sync 1 DAGs
[2025-09-09T10:10:02.962+0300] {logging_mixin.py:188} INFO - [2025-09-09T10:10:02.960+0300] {dag.py:3834} INFO - Setting next_dagrun for banking_data_pipeline to 2025-01-01 02:00:00+00:00, run_after=2025-01-02 02:00:00+00:00
[2025-09-09T10:10:02.992+0300] {processor.py:183} INFO - Processing /mnt/c/Users/Ogalo/Projects/EFT-Banking-Pipeline/airflow_home/dags/banking_data_pipeline.py took 6.046 seconds
[2025-09-09T10:14:34.822+0300] {processor.py:161} INFO - Started process (PID=16485) to work on /mnt/c/Users/Ogalo/Projects/EFT-Banking-Pipeline/airflow_home/dags/banking_data_pipeline.py
[2025-09-09T10:14:34.825+0300] {processor.py:830} INFO - Processing file /mnt/c/Users/Ogalo/Projects/EFT-Banking-Pipeline/airflow_home/dags/banking_data_pipeline.py for tasks to queue
[2025-09-09T10:14:34.829+0300] {logging_mixin.py:188} INFO - [2025-09-09T10:14:34.828+0300] {dagbag.py:540} INFO - Filling up the DagBag from /mnt/c/Users/Ogalo/Projects/EFT-Banking-Pipeline/airflow_home/dags/banking_data_pipeline.py
[2025-09-09T10:14:44.093+0300] {processor.py:840} INFO - DAG(s) 'banking_data_pipeline' retrieved from /mnt/c/Users/Ogalo/Projects/EFT-Banking-Pipeline/airflow_home/dags/banking_data_pipeline.py
[2025-09-09T10:14:44.527+0300] {logging_mixin.py:188} INFO - [2025-09-09T10:14:44.525+0300] {dag.py:3047} INFO - Sync 1 DAGs
[2025-09-09T10:14:44.555+0300] {logging_mixin.py:188} INFO - [2025-09-09T10:14:44.554+0300] {dag.py:3834} INFO - Setting next_dagrun for banking_data_pipeline to 2025-01-01 02:00:00+00:00, run_after=2025-01-02 02:00:00+00:00
[2025-09-09T10:14:44.622+0300] {processor.py:183} INFO - Processing /mnt/c/Users/Ogalo/Projects/EFT-Banking-Pipeline/airflow_home/dags/banking_data_pipeline.py took 9.804 seconds
[2025-09-09T10:15:15.293+0300] {processor.py:161} INFO - Started process (PID=16499) to work on /mnt/c/Users/Ogalo/Projects/EFT-Banking-Pipeline/airflow_home/dags/banking_data_pipeline.py
[2025-09-09T10:15:15.297+0300] {processor.py:830} INFO - Processing file /mnt/c/Users/Ogalo/Projects/EFT-Banking-Pipeline/airflow_home/dags/banking_data_pipeline.py for tasks to queue
[2025-09-09T10:15:15.301+0300] {logging_mixin.py:188} INFO - [2025-09-09T10:15:15.299+0300] {dagbag.py:540} INFO - Filling up the DagBag from /mnt/c/Users/Ogalo/Projects/EFT-Banking-Pipeline/airflow_home/dags/banking_data_pipeline.py
[2025-09-09T10:15:21.925+0300] {processor.py:840} INFO - DAG(s) 'banking_data_pipeline' retrieved from /mnt/c/Users/Ogalo/Projects/EFT-Banking-Pipeline/airflow_home/dags/banking_data_pipeline.py
[2025-09-09T10:15:22.215+0300] {logging_mixin.py:188} INFO - [2025-09-09T10:15:22.212+0300] {dag.py:3047} INFO - Sync 1 DAGs
[2025-09-09T10:15:22.269+0300] {logging_mixin.py:188} INFO - [2025-09-09T10:15:22.263+0300] {dag.py:3834} INFO - Setting next_dagrun for banking_data_pipeline to 2025-01-01 02:00:00+00:00, run_after=2025-01-02 02:00:00+00:00
[2025-09-09T10:15:22.335+0300] {processor.py:183} INFO - Processing /mnt/c/Users/Ogalo/Projects/EFT-Banking-Pipeline/airflow_home/dags/banking_data_pipeline.py took 6.929 seconds
[2025-09-09T10:15:52.914+0300] {processor.py:161} INFO - Started process (PID=16518) to work on /mnt/c/Users/Ogalo/Projects/EFT-Banking-Pipeline/airflow_home/dags/banking_data_pipeline.py
[2025-09-09T10:15:52.917+0300] {processor.py:830} INFO - Processing file /mnt/c/Users/Ogalo/Projects/EFT-Banking-Pipeline/airflow_home/dags/banking_data_pipeline.py for tasks to queue
[2025-09-09T10:15:52.922+0300] {logging_mixin.py:188} INFO - [2025-09-09T10:15:52.920+0300] {dagbag.py:540} INFO - Filling up the DagBag from /mnt/c/Users/Ogalo/Projects/EFT-Banking-Pipeline/airflow_home/dags/banking_data_pipeline.py
[2025-09-09T10:15:58.917+0300] {processor.py:840} INFO - DAG(s) 'banking_data_pipeline' retrieved from /mnt/c/Users/Ogalo/Projects/EFT-Banking-Pipeline/airflow_home/dags/banking_data_pipeline.py
[2025-09-09T10:15:59.072+0300] {logging_mixin.py:188} INFO - [2025-09-09T10:15:59.070+0300] {dag.py:3047} INFO - Sync 1 DAGs
[2025-09-09T10:15:59.098+0300] {logging_mixin.py:188} INFO - [2025-09-09T10:15:59.096+0300] {dag.py:3834} INFO - Setting next_dagrun for banking_data_pipeline to 2025-01-01 02:00:00+00:00, run_after=2025-01-02 02:00:00+00:00
[2025-09-09T10:15:59.133+0300] {processor.py:183} INFO - Processing /mnt/c/Users/Ogalo/Projects/EFT-Banking-Pipeline/airflow_home/dags/banking_data_pipeline.py took 6.223 seconds
[2025-09-09T10:16:29.524+0300] {processor.py:161} INFO - Started process (PID=16532) to work on /mnt/c/Users/Ogalo/Projects/EFT-Banking-Pipeline/airflow_home/dags/banking_data_pipeline.py
[2025-09-09T10:16:29.527+0300] {processor.py:830} INFO - Processing file /mnt/c/Users/Ogalo/Projects/EFT-Banking-Pipeline/airflow_home/dags/banking_data_pipeline.py for tasks to queue
[2025-09-09T10:16:29.532+0300] {logging_mixin.py:188} INFO - [2025-09-09T10:16:29.530+0300] {dagbag.py:540} INFO - Filling up the DagBag from /mnt/c/Users/Ogalo/Projects/EFT-Banking-Pipeline/airflow_home/dags/banking_data_pipeline.py
[2025-09-09T10:16:35.604+0300] {processor.py:840} INFO - DAG(s) 'banking_data_pipeline' retrieved from /mnt/c/Users/Ogalo/Projects/EFT-Banking-Pipeline/airflow_home/dags/banking_data_pipeline.py
[2025-09-09T10:16:35.765+0300] {logging_mixin.py:188} INFO - [2025-09-09T10:16:35.764+0300] {dag.py:3047} INFO - Sync 1 DAGs
[2025-09-09T10:16:35.796+0300] {logging_mixin.py:188} INFO - [2025-09-09T10:16:35.794+0300] {dag.py:3834} INFO - Setting next_dagrun for banking_data_pipeline to 2025-01-01 02:00:00+00:00, run_after=2025-01-02 02:00:00+00:00
[2025-09-09T10:16:35.829+0300] {processor.py:183} INFO - Processing /mnt/c/Users/Ogalo/Projects/EFT-Banking-Pipeline/airflow_home/dags/banking_data_pipeline.py took 6.309 seconds
[2025-09-09T10:17:06.315+0300] {processor.py:161} INFO - Started process (PID=16550) to work on /mnt/c/Users/Ogalo/Projects/EFT-Banking-Pipeline/airflow_home/dags/banking_data_pipeline.py
[2025-09-09T10:17:06.318+0300] {processor.py:830} INFO - Processing file /mnt/c/Users/Ogalo/Projects/EFT-Banking-Pipeline/airflow_home/dags/banking_data_pipeline.py for tasks to queue
[2025-09-09T10:17:06.322+0300] {logging_mixin.py:188} INFO - [2025-09-09T10:17:06.321+0300] {dagbag.py:540} INFO - Filling up the DagBag from /mnt/c/Users/Ogalo/Projects/EFT-Banking-Pipeline/airflow_home/dags/banking_data_pipeline.py
[2025-09-09T10:17:12.546+0300] {processor.py:840} INFO - DAG(s) 'banking_data_pipeline' retrieved from /mnt/c/Users/Ogalo/Projects/EFT-Banking-Pipeline/airflow_home/dags/banking_data_pipeline.py
[2025-09-09T10:17:12.752+0300] {logging_mixin.py:188} INFO - [2025-09-09T10:17:12.750+0300] {dag.py:3047} INFO - Sync 1 DAGs
[2025-09-09T10:17:12.785+0300] {logging_mixin.py:188} INFO - [2025-09-09T10:17:12.784+0300] {dag.py:3834} INFO - Setting next_dagrun for banking_data_pipeline to 2025-01-01 02:00:00+00:00, run_after=2025-01-02 02:00:00+00:00
[2025-09-09T10:17:12.825+0300] {processor.py:183} INFO - Processing /mnt/c/Users/Ogalo/Projects/EFT-Banking-Pipeline/airflow_home/dags/banking_data_pipeline.py took 6.514 seconds
[2025-09-09T10:17:43.458+0300] {processor.py:161} INFO - Started process (PID=16564) to work on /mnt/c/Users/Ogalo/Projects/EFT-Banking-Pipeline/airflow_home/dags/banking_data_pipeline.py
[2025-09-09T10:17:43.462+0300] {processor.py:830} INFO - Processing file /mnt/c/Users/Ogalo/Projects/EFT-Banking-Pipeline/airflow_home/dags/banking_data_pipeline.py for tasks to queue
[2025-09-09T10:17:43.468+0300] {logging_mixin.py:188} INFO - [2025-09-09T10:17:43.465+0300] {dagbag.py:540} INFO - Filling up the DagBag from /mnt/c/Users/Ogalo/Projects/EFT-Banking-Pipeline/airflow_home/dags/banking_data_pipeline.py
[2025-09-09T10:17:48.782+0300] {processor.py:840} INFO - DAG(s) 'banking_data_pipeline' retrieved from /mnt/c/Users/Ogalo/Projects/EFT-Banking-Pipeline/airflow_home/dags/banking_data_pipeline.py
[2025-09-09T10:17:48.953+0300] {logging_mixin.py:188} INFO - [2025-09-09T10:17:48.951+0300] {dag.py:3047} INFO - Sync 1 DAGs
[2025-09-09T10:17:48.976+0300] {logging_mixin.py:188} INFO - [2025-09-09T10:17:48.974+0300] {dag.py:3834} INFO - Setting next_dagrun for banking_data_pipeline to 2025-01-01 02:00:00+00:00, run_after=2025-01-02 02:00:00+00:00
[2025-09-09T10:17:49.007+0300] {processor.py:183} INFO - Processing /mnt/c/Users/Ogalo/Projects/EFT-Banking-Pipeline/airflow_home/dags/banking_data_pipeline.py took 5.555 seconds
[2025-09-09T10:18:19.588+0300] {processor.py:161} INFO - Started process (PID=16582) to work on /mnt/c/Users/Ogalo/Projects/EFT-Banking-Pipeline/airflow_home/dags/banking_data_pipeline.py
[2025-09-09T10:18:19.591+0300] {processor.py:830} INFO - Processing file /mnt/c/Users/Ogalo/Projects/EFT-Banking-Pipeline/airflow_home/dags/banking_data_pipeline.py for tasks to queue
[2025-09-09T10:18:19.595+0300] {logging_mixin.py:188} INFO - [2025-09-09T10:18:19.593+0300] {dagbag.py:540} INFO - Filling up the DagBag from /mnt/c/Users/Ogalo/Projects/EFT-Banking-Pipeline/airflow_home/dags/banking_data_pipeline.py
[2025-09-09T10:18:28.763+0300] {processor.py:840} INFO - DAG(s) 'banking_data_pipeline' retrieved from /mnt/c/Users/Ogalo/Projects/EFT-Banking-Pipeline/airflow_home/dags/banking_data_pipeline.py
[2025-09-09T10:18:28.924+0300] {logging_mixin.py:188} INFO - [2025-09-09T10:18:28.922+0300] {dag.py:3047} INFO - Sync 1 DAGs
[2025-09-09T10:18:28.953+0300] {logging_mixin.py:188} INFO - [2025-09-09T10:18:28.951+0300] {dag.py:3834} INFO - Setting next_dagrun for banking_data_pipeline to 2025-01-01 02:00:00+00:00, run_after=2025-01-02 02:00:00+00:00
[2025-09-09T10:18:28.983+0300] {processor.py:183} INFO - Processing /mnt/c/Users/Ogalo/Projects/EFT-Banking-Pipeline/airflow_home/dags/banking_data_pipeline.py took 9.285 seconds
[2025-09-09T10:18:59.435+0300] {processor.py:161} INFO - Started process (PID=16604) to work on /mnt/c/Users/Ogalo/Projects/EFT-Banking-Pipeline/airflow_home/dags/banking_data_pipeline.py
[2025-09-09T10:18:59.437+0300] {processor.py:830} INFO - Processing file /mnt/c/Users/Ogalo/Projects/EFT-Banking-Pipeline/airflow_home/dags/banking_data_pipeline.py for tasks to queue
[2025-09-09T10:18:59.440+0300] {logging_mixin.py:188} INFO - [2025-09-09T10:18:59.439+0300] {dagbag.py:540} INFO - Filling up the DagBag from /mnt/c/Users/Ogalo/Projects/EFT-Banking-Pipeline/airflow_home/dags/banking_data_pipeline.py
[2025-09-09T10:19:04.807+0300] {processor.py:840} INFO - DAG(s) 'banking_data_pipeline' retrieved from /mnt/c/Users/Ogalo/Projects/EFT-Banking-Pipeline/airflow_home/dags/banking_data_pipeline.py
[2025-09-09T10:19:04.941+0300] {logging_mixin.py:188} INFO - [2025-09-09T10:19:04.939+0300] {dag.py:3047} INFO - Sync 1 DAGs
[2025-09-09T10:19:04.966+0300] {logging_mixin.py:188} INFO - [2025-09-09T10:19:04.965+0300] {dag.py:3834} INFO - Setting next_dagrun for banking_data_pipeline to 2025-01-01 02:00:00+00:00, run_after=2025-01-02 02:00:00+00:00
[2025-09-09T10:19:04.996+0300] {processor.py:183} INFO - Processing /mnt/c/Users/Ogalo/Projects/EFT-Banking-Pipeline/airflow_home/dags/banking_data_pipeline.py took 5.564 seconds
[2025-09-09T10:19:35.081+0300] {processor.py:161} INFO - Started process (PID=16616) to work on /mnt/c/Users/Ogalo/Projects/EFT-Banking-Pipeline/airflow_home/dags/banking_data_pipeline.py
[2025-09-09T10:19:35.083+0300] {processor.py:830} INFO - Processing file /mnt/c/Users/Ogalo/Projects/EFT-Banking-Pipeline/airflow_home/dags/banking_data_pipeline.py for tasks to queue
[2025-09-09T10:19:35.087+0300] {logging_mixin.py:188} INFO - [2025-09-09T10:19:35.085+0300] {dagbag.py:540} INFO - Filling up the DagBag from /mnt/c/Users/Ogalo/Projects/EFT-Banking-Pipeline/airflow_home/dags/banking_data_pipeline.py
[2025-09-09T10:19:44.915+0300] {processor.py:840} INFO - DAG(s) 'banking_data_pipeline' retrieved from /mnt/c/Users/Ogalo/Projects/EFT-Banking-Pipeline/airflow_home/dags/banking_data_pipeline.py
[2025-09-09T10:19:45.055+0300] {logging_mixin.py:188} INFO - [2025-09-09T10:19:45.053+0300] {dag.py:3047} INFO - Sync 1 DAGs
[2025-09-09T10:19:45.082+0300] {logging_mixin.py:188} INFO - [2025-09-09T10:19:45.081+0300] {dag.py:3834} INFO - Setting next_dagrun for banking_data_pipeline to 2025-01-01 02:00:00+00:00, run_after=2025-01-02 02:00:00+00:00
[2025-09-09T10:19:45.113+0300] {processor.py:183} INFO - Processing /mnt/c/Users/Ogalo/Projects/EFT-Banking-Pipeline/airflow_home/dags/banking_data_pipeline.py took 10.036 seconds
[2025-09-09T10:20:15.323+0300] {processor.py:161} INFO - Started process (PID=16637) to work on /mnt/c/Users/Ogalo/Projects/EFT-Banking-Pipeline/airflow_home/dags/banking_data_pipeline.py
[2025-09-09T10:20:15.327+0300] {processor.py:830} INFO - Processing file /mnt/c/Users/Ogalo/Projects/EFT-Banking-Pipeline/airflow_home/dags/banking_data_pipeline.py for tasks to queue
[2025-09-09T10:20:15.332+0300] {logging_mixin.py:188} INFO - [2025-09-09T10:20:15.329+0300] {dagbag.py:540} INFO - Filling up the DagBag from /mnt/c/Users/Ogalo/Projects/EFT-Banking-Pipeline/airflow_home/dags/banking_data_pipeline.py
[2025-09-09T10:20:20.833+0300] {processor.py:840} INFO - DAG(s) 'banking_data_pipeline' retrieved from /mnt/c/Users/Ogalo/Projects/EFT-Banking-Pipeline/airflow_home/dags/banking_data_pipeline.py
[2025-09-09T10:20:20.988+0300] {logging_mixin.py:188} INFO - [2025-09-09T10:20:20.986+0300] {dag.py:3047} INFO - Sync 1 DAGs
[2025-09-09T10:20:21.012+0300] {logging_mixin.py:188} INFO - [2025-09-09T10:20:21.011+0300] {dag.py:3834} INFO - Setting next_dagrun for banking_data_pipeline to 2025-01-01 02:00:00+00:00, run_after=2025-01-02 02:00:00+00:00
[2025-09-09T10:20:21.043+0300] {processor.py:183} INFO - Processing /mnt/c/Users/Ogalo/Projects/EFT-Banking-Pipeline/airflow_home/dags/banking_data_pipeline.py took 5.725 seconds
[2025-09-09T10:20:51.354+0300] {processor.py:161} INFO - Started process (PID=16649) to work on /mnt/c/Users/Ogalo/Projects/EFT-Banking-Pipeline/airflow_home/dags/banking_data_pipeline.py
[2025-09-09T10:20:51.357+0300] {processor.py:830} INFO - Processing file /mnt/c/Users/Ogalo/Projects/EFT-Banking-Pipeline/airflow_home/dags/banking_data_pipeline.py for tasks to queue
[2025-09-09T10:20:51.476+0300] {logging_mixin.py:188} INFO - [2025-09-09T10:20:51.359+0300] {dagbag.py:540} INFO - Filling up the DagBag from /mnt/c/Users/Ogalo/Projects/EFT-Banking-Pipeline/airflow_home/dags/banking_data_pipeline.py
[2025-09-09T10:20:56.604+0300] {processor.py:840} INFO - DAG(s) 'banking_data_pipeline' retrieved from /mnt/c/Users/Ogalo/Projects/EFT-Banking-Pipeline/airflow_home/dags/banking_data_pipeline.py
[2025-09-09T10:20:56.736+0300] {logging_mixin.py:188} INFO - [2025-09-09T10:20:56.734+0300] {dag.py:3047} INFO - Sync 1 DAGs
[2025-09-09T10:20:56.756+0300] {logging_mixin.py:188} INFO - [2025-09-09T10:20:56.754+0300] {dag.py:3834} INFO - Setting next_dagrun for banking_data_pipeline to 2025-01-01 02:00:00+00:00, run_after=2025-01-02 02:00:00+00:00
[2025-09-09T10:20:56.783+0300] {processor.py:183} INFO - Processing /mnt/c/Users/Ogalo/Projects/EFT-Banking-Pipeline/airflow_home/dags/banking_data_pipeline.py took 5.319 seconds
[2025-09-09T10:21:27.026+0300] {processor.py:161} INFO - Started process (PID=16663) to work on /mnt/c/Users/Ogalo/Projects/EFT-Banking-Pipeline/airflow_home/dags/banking_data_pipeline.py
[2025-09-09T10:21:27.029+0300] {processor.py:830} INFO - Processing file /mnt/c/Users/Ogalo/Projects/EFT-Banking-Pipeline/airflow_home/dags/banking_data_pipeline.py for tasks to queue
[2025-09-09T10:21:27.033+0300] {logging_mixin.py:188} INFO - [2025-09-09T10:21:27.031+0300] {dagbag.py:540} INFO - Filling up the DagBag from /mnt/c/Users/Ogalo/Projects/EFT-Banking-Pipeline/airflow_home/dags/banking_data_pipeline.py
[2025-09-09T10:21:32.369+0300] {processor.py:840} INFO - DAG(s) 'banking_data_pipeline' retrieved from /mnt/c/Users/Ogalo/Projects/EFT-Banking-Pipeline/airflow_home/dags/banking_data_pipeline.py
[2025-09-09T10:21:32.519+0300] {logging_mixin.py:188} INFO - [2025-09-09T10:21:32.517+0300] {dag.py:3047} INFO - Sync 1 DAGs
[2025-09-09T10:21:32.548+0300] {logging_mixin.py:188} INFO - [2025-09-09T10:21:32.546+0300] {dag.py:3834} INFO - Setting next_dagrun for banking_data_pipeline to 2025-01-01 02:00:00+00:00, run_after=2025-01-02 02:00:00+00:00
[2025-09-09T10:21:32.584+0300] {processor.py:183} INFO - Processing /mnt/c/Users/Ogalo/Projects/EFT-Banking-Pipeline/airflow_home/dags/banking_data_pipeline.py took 5.564 seconds
[2025-09-09T10:22:02.861+0300] {processor.py:161} INFO - Started process (PID=16679) to work on /mnt/c/Users/Ogalo/Projects/EFT-Banking-Pipeline/airflow_home/dags/banking_data_pipeline.py
[2025-09-09T10:22:02.865+0300] {processor.py:830} INFO - Processing file /mnt/c/Users/Ogalo/Projects/EFT-Banking-Pipeline/airflow_home/dags/banking_data_pipeline.py for tasks to queue
[2025-09-09T10:22:02.870+0300] {logging_mixin.py:188} INFO - [2025-09-09T10:22:02.868+0300] {dagbag.py:540} INFO - Filling up the DagBag from /mnt/c/Users/Ogalo/Projects/EFT-Banking-Pipeline/airflow_home/dags/banking_data_pipeline.py
[2025-09-09T10:22:08.380+0300] {processor.py:840} INFO - DAG(s) 'banking_data_pipeline' retrieved from /mnt/c/Users/Ogalo/Projects/EFT-Banking-Pipeline/airflow_home/dags/banking_data_pipeline.py
[2025-09-09T10:22:08.537+0300] {logging_mixin.py:188} INFO - [2025-09-09T10:22:08.536+0300] {dag.py:3047} INFO - Sync 1 DAGs
[2025-09-09T10:22:08.563+0300] {logging_mixin.py:188} INFO - [2025-09-09T10:22:08.561+0300] {dag.py:3834} INFO - Setting next_dagrun for banking_data_pipeline to 2025-01-01 02:00:00+00:00, run_after=2025-01-02 02:00:00+00:00
[2025-09-09T10:22:08.596+0300] {processor.py:183} INFO - Processing /mnt/c/Users/Ogalo/Projects/EFT-Banking-Pipeline/airflow_home/dags/banking_data_pipeline.py took 5.741 seconds
[2025-09-09T10:22:38.830+0300] {processor.py:161} INFO - Started process (PID=16693) to work on /mnt/c/Users/Ogalo/Projects/EFT-Banking-Pipeline/airflow_home/dags/banking_data_pipeline.py
[2025-09-09T10:22:38.833+0300] {processor.py:830} INFO - Processing file /mnt/c/Users/Ogalo/Projects/EFT-Banking-Pipeline/airflow_home/dags/banking_data_pipeline.py for tasks to queue
[2025-09-09T10:22:38.838+0300] {logging_mixin.py:188} INFO - [2025-09-09T10:22:38.836+0300] {dagbag.py:540} INFO - Filling up the DagBag from /mnt/c/Users/Ogalo/Projects/EFT-Banking-Pipeline/airflow_home/dags/banking_data_pipeline.py
[2025-09-09T10:22:43.604+0300] {processor.py:840} INFO - DAG(s) 'banking_data_pipeline' retrieved from /mnt/c/Users/Ogalo/Projects/EFT-Banking-Pipeline/airflow_home/dags/banking_data_pipeline.py
[2025-09-09T10:22:43.735+0300] {logging_mixin.py:188} INFO - [2025-09-09T10:22:43.733+0300] {dag.py:3047} INFO - Sync 1 DAGs
[2025-09-09T10:22:43.758+0300] {logging_mixin.py:188} INFO - [2025-09-09T10:22:43.756+0300] {dag.py:3834} INFO - Setting next_dagrun for banking_data_pipeline to 2025-01-01 02:00:00+00:00, run_after=2025-01-02 02:00:00+00:00
[2025-09-09T10:22:43.789+0300] {processor.py:183} INFO - Processing /mnt/c/Users/Ogalo/Projects/EFT-Banking-Pipeline/airflow_home/dags/banking_data_pipeline.py took 4.963 seconds
[2025-09-09T10:23:14.456+0300] {processor.py:161} INFO - Started process (PID=16705) to work on /mnt/c/Users/Ogalo/Projects/EFT-Banking-Pipeline/airflow_home/dags/banking_data_pipeline.py
[2025-09-09T10:23:14.458+0300] {processor.py:830} INFO - Processing file /mnt/c/Users/Ogalo/Projects/EFT-Banking-Pipeline/airflow_home/dags/banking_data_pipeline.py for tasks to queue
[2025-09-09T10:23:14.462+0300] {logging_mixin.py:188} INFO - [2025-09-09T10:23:14.460+0300] {dagbag.py:540} INFO - Filling up the DagBag from /mnt/c/Users/Ogalo/Projects/EFT-Banking-Pipeline/airflow_home/dags/banking_data_pipeline.py
[2025-09-09T10:23:20.031+0300] {processor.py:840} INFO - DAG(s) 'banking_data_pipeline' retrieved from /mnt/c/Users/Ogalo/Projects/EFT-Banking-Pipeline/airflow_home/dags/banking_data_pipeline.py
[2025-09-09T10:23:20.383+0300] {logging_mixin.py:188} INFO - [2025-09-09T10:23:20.382+0300] {dag.py:3047} INFO - Sync 1 DAGs
[2025-09-09T10:23:20.428+0300] {logging_mixin.py:188} INFO - [2025-09-09T10:23:20.421+0300] {dag.py:3834} INFO - Setting next_dagrun for banking_data_pipeline to 2025-01-01 02:00:00+00:00, run_after=2025-01-02 02:00:00+00:00
[2025-09-09T10:23:20.607+0300] {processor.py:183} INFO - Processing /mnt/c/Users/Ogalo/Projects/EFT-Banking-Pipeline/airflow_home/dags/banking_data_pipeline.py took 6.158 seconds
[2025-09-09T10:23:51.232+0300] {processor.py:161} INFO - Started process (PID=16725) to work on /mnt/c/Users/Ogalo/Projects/EFT-Banking-Pipeline/airflow_home/dags/banking_data_pipeline.py
[2025-09-09T10:23:51.235+0300] {processor.py:830} INFO - Processing file /mnt/c/Users/Ogalo/Projects/EFT-Banking-Pipeline/airflow_home/dags/banking_data_pipeline.py for tasks to queue
[2025-09-09T10:23:51.239+0300] {logging_mixin.py:188} INFO - [2025-09-09T10:23:51.237+0300] {dagbag.py:540} INFO - Filling up the DagBag from /mnt/c/Users/Ogalo/Projects/EFT-Banking-Pipeline/airflow_home/dags/banking_data_pipeline.py
[2025-09-09T10:23:56.793+0300] {processor.py:840} INFO - DAG(s) 'banking_data_pipeline' retrieved from /mnt/c/Users/Ogalo/Projects/EFT-Banking-Pipeline/airflow_home/dags/banking_data_pipeline.py
[2025-09-09T10:23:56.958+0300] {logging_mixin.py:188} INFO - [2025-09-09T10:23:56.956+0300] {dag.py:3047} INFO - Sync 1 DAGs
[2025-09-09T10:23:56.991+0300] {logging_mixin.py:188} INFO - [2025-09-09T10:23:56.990+0300] {dag.py:3834} INFO - Setting next_dagrun for banking_data_pipeline to 2025-01-01 02:00:00+00:00, run_after=2025-01-02 02:00:00+00:00
[2025-09-09T10:23:57.023+0300] {processor.py:183} INFO - Processing /mnt/c/Users/Ogalo/Projects/EFT-Banking-Pipeline/airflow_home/dags/banking_data_pipeline.py took 5.649 seconds
[2025-09-09T10:24:27.487+0300] {processor.py:161} INFO - Started process (PID=16737) to work on /mnt/c/Users/Ogalo/Projects/EFT-Banking-Pipeline/airflow_home/dags/banking_data_pipeline.py
[2025-09-09T10:24:27.492+0300] {processor.py:830} INFO - Processing file /mnt/c/Users/Ogalo/Projects/EFT-Banking-Pipeline/airflow_home/dags/banking_data_pipeline.py for tasks to queue
[2025-09-09T10:24:27.497+0300] {logging_mixin.py:188} INFO - [2025-09-09T10:24:27.495+0300] {dagbag.py:540} INFO - Filling up the DagBag from /mnt/c/Users/Ogalo/Projects/EFT-Banking-Pipeline/airflow_home/dags/banking_data_pipeline.py
[2025-09-09T10:24:33.123+0300] {processor.py:840} INFO - DAG(s) 'banking_data_pipeline' retrieved from /mnt/c/Users/Ogalo/Projects/EFT-Banking-Pipeline/airflow_home/dags/banking_data_pipeline.py
[2025-09-09T10:24:33.255+0300] {logging_mixin.py:188} INFO - [2025-09-09T10:24:33.253+0300] {dag.py:3047} INFO - Sync 1 DAGs
[2025-09-09T10:24:33.277+0300] {logging_mixin.py:188} INFO - [2025-09-09T10:24:33.276+0300] {dag.py:3834} INFO - Setting next_dagrun for banking_data_pipeline to 2025-01-01 02:00:00+00:00, run_after=2025-01-02 02:00:00+00:00
[2025-09-09T10:24:33.307+0300] {processor.py:183} INFO - Processing /mnt/c/Users/Ogalo/Projects/EFT-Banking-Pipeline/airflow_home/dags/banking_data_pipeline.py took 5.827 seconds
[2025-09-09T10:25:04.029+0300] {processor.py:161} INFO - Started process (PID=16751) to work on /mnt/c/Users/Ogalo/Projects/EFT-Banking-Pipeline/airflow_home/dags/banking_data_pipeline.py
[2025-09-09T10:25:04.032+0300] {processor.py:830} INFO - Processing file /mnt/c/Users/Ogalo/Projects/EFT-Banking-Pipeline/airflow_home/dags/banking_data_pipeline.py for tasks to queue
[2025-09-09T10:25:04.036+0300] {logging_mixin.py:188} INFO - [2025-09-09T10:25:04.034+0300] {dagbag.py:540} INFO - Filling up the DagBag from /mnt/c/Users/Ogalo/Projects/EFT-Banking-Pipeline/airflow_home/dags/banking_data_pipeline.py
[2025-09-09T10:25:09.005+0300] {processor.py:840} INFO - DAG(s) 'banking_data_pipeline' retrieved from /mnt/c/Users/Ogalo/Projects/EFT-Banking-Pipeline/airflow_home/dags/banking_data_pipeline.py
[2025-09-09T10:25:09.123+0300] {logging_mixin.py:188} INFO - [2025-09-09T10:25:09.122+0300] {dag.py:3047} INFO - Sync 1 DAGs
[2025-09-09T10:25:09.145+0300] {logging_mixin.py:188} INFO - [2025-09-09T10:25:09.144+0300] {dag.py:3834} INFO - Setting next_dagrun for banking_data_pipeline to 2025-01-01 02:00:00+00:00, run_after=2025-01-02 02:00:00+00:00
[2025-09-09T10:25:09.171+0300] {processor.py:183} INFO - Processing /mnt/c/Users/Ogalo/Projects/EFT-Banking-Pipeline/airflow_home/dags/banking_data_pipeline.py took 5.145 seconds
[2025-09-09T10:25:39.673+0300] {processor.py:161} INFO - Started process (PID=16763) to work on /mnt/c/Users/Ogalo/Projects/EFT-Banking-Pipeline/airflow_home/dags/banking_data_pipeline.py
[2025-09-09T10:25:39.676+0300] {processor.py:830} INFO - Processing file /mnt/c/Users/Ogalo/Projects/EFT-Banking-Pipeline/airflow_home/dags/banking_data_pipeline.py for tasks to queue
[2025-09-09T10:25:39.681+0300] {logging_mixin.py:188} INFO - [2025-09-09T10:25:39.679+0300] {dagbag.py:540} INFO - Filling up the DagBag from /mnt/c/Users/Ogalo/Projects/EFT-Banking-Pipeline/airflow_home/dags/banking_data_pipeline.py
[2025-09-09T10:25:44.759+0300] {processor.py:840} INFO - DAG(s) 'banking_data_pipeline' retrieved from /mnt/c/Users/Ogalo/Projects/EFT-Banking-Pipeline/airflow_home/dags/banking_data_pipeline.py
[2025-09-09T10:25:44.891+0300] {logging_mixin.py:188} INFO - [2025-09-09T10:25:44.890+0300] {dag.py:3047} INFO - Sync 1 DAGs
[2025-09-09T10:25:44.914+0300] {logging_mixin.py:188} INFO - [2025-09-09T10:25:44.911+0300] {dag.py:3834} INFO - Setting next_dagrun for banking_data_pipeline to 2025-01-01 02:00:00+00:00, run_after=2025-01-02 02:00:00+00:00
[2025-09-09T10:25:44.942+0300] {processor.py:183} INFO - Processing /mnt/c/Users/Ogalo/Projects/EFT-Banking-Pipeline/airflow_home/dags/banking_data_pipeline.py took 5.275 seconds
[2025-09-09T10:26:15.356+0300] {processor.py:161} INFO - Started process (PID=16775) to work on /mnt/c/Users/Ogalo/Projects/EFT-Banking-Pipeline/airflow_home/dags/banking_data_pipeline.py
[2025-09-09T10:26:15.359+0300] {processor.py:830} INFO - Processing file /mnt/c/Users/Ogalo/Projects/EFT-Banking-Pipeline/airflow_home/dags/banking_data_pipeline.py for tasks to queue
[2025-09-09T10:26:15.363+0300] {logging_mixin.py:188} INFO - [2025-09-09T10:26:15.361+0300] {dagbag.py:540} INFO - Filling up the DagBag from /mnt/c/Users/Ogalo/Projects/EFT-Banking-Pipeline/airflow_home/dags/banking_data_pipeline.py
[2025-09-09T10:26:20.752+0300] {processor.py:840} INFO - DAG(s) 'banking_data_pipeline' retrieved from /mnt/c/Users/Ogalo/Projects/EFT-Banking-Pipeline/airflow_home/dags/banking_data_pipeline.py
[2025-09-09T10:26:20.910+0300] {logging_mixin.py:188} INFO - [2025-09-09T10:26:20.909+0300] {dag.py:3047} INFO - Sync 1 DAGs
[2025-09-09T10:26:20.939+0300] {logging_mixin.py:188} INFO - [2025-09-09T10:26:20.938+0300] {dag.py:3834} INFO - Setting next_dagrun for banking_data_pipeline to 2025-01-01 02:00:00+00:00, run_after=2025-01-02 02:00:00+00:00
[2025-09-09T10:26:20.975+0300] {processor.py:183} INFO - Processing /mnt/c/Users/Ogalo/Projects/EFT-Banking-Pipeline/airflow_home/dags/banking_data_pipeline.py took 5.624 seconds
[2025-09-09T10:26:51.079+0300] {processor.py:161} INFO - Started process (PID=16789) to work on /mnt/c/Users/Ogalo/Projects/EFT-Banking-Pipeline/airflow_home/dags/banking_data_pipeline.py
[2025-09-09T10:26:51.082+0300] {processor.py:830} INFO - Processing file /mnt/c/Users/Ogalo/Projects/EFT-Banking-Pipeline/airflow_home/dags/banking_data_pipeline.py for tasks to queue
[2025-09-09T10:26:51.086+0300] {logging_mixin.py:188} INFO - [2025-09-09T10:26:51.084+0300] {dagbag.py:540} INFO - Filling up the DagBag from /mnt/c/Users/Ogalo/Projects/EFT-Banking-Pipeline/airflow_home/dags/banking_data_pipeline.py
[2025-09-09T10:26:56.406+0300] {processor.py:840} INFO - DAG(s) 'banking_data_pipeline' retrieved from /mnt/c/Users/Ogalo/Projects/EFT-Banking-Pipeline/airflow_home/dags/banking_data_pipeline.py
[2025-09-09T10:26:56.561+0300] {logging_mixin.py:188} INFO - [2025-09-09T10:26:56.559+0300] {dag.py:3047} INFO - Sync 1 DAGs
[2025-09-09T10:26:56.588+0300] {logging_mixin.py:188} INFO - [2025-09-09T10:26:56.586+0300] {dag.py:3834} INFO - Setting next_dagrun for banking_data_pipeline to 2025-01-01 02:00:00+00:00, run_after=2025-01-02 02:00:00+00:00
[2025-09-09T10:26:56.620+0300] {processor.py:183} INFO - Processing /mnt/c/Users/Ogalo/Projects/EFT-Banking-Pipeline/airflow_home/dags/banking_data_pipeline.py took 5.418 seconds
[2025-09-09T10:27:27.110+0300] {processor.py:161} INFO - Started process (PID=16802) to work on /mnt/c/Users/Ogalo/Projects/EFT-Banking-Pipeline/airflow_home/dags/banking_data_pipeline.py
[2025-09-09T10:27:27.114+0300] {processor.py:830} INFO - Processing file /mnt/c/Users/Ogalo/Projects/EFT-Banking-Pipeline/airflow_home/dags/banking_data_pipeline.py for tasks to queue
[2025-09-09T10:27:27.119+0300] {logging_mixin.py:188} INFO - [2025-09-09T10:27:27.117+0300] {dagbag.py:540} INFO - Filling up the DagBag from /mnt/c/Users/Ogalo/Projects/EFT-Banking-Pipeline/airflow_home/dags/banking_data_pipeline.py
[2025-09-09T10:27:36.372+0300] {processor.py:840} INFO - DAG(s) 'banking_data_pipeline' retrieved from /mnt/c/Users/Ogalo/Projects/EFT-Banking-Pipeline/airflow_home/dags/banking_data_pipeline.py
[2025-09-09T10:27:36.508+0300] {logging_mixin.py:188} INFO - [2025-09-09T10:27:36.506+0300] {dag.py:3047} INFO - Sync 1 DAGs
[2025-09-09T10:27:36.532+0300] {logging_mixin.py:188} INFO - [2025-09-09T10:27:36.530+0300] {dag.py:3834} INFO - Setting next_dagrun for banking_data_pipeline to 2025-01-01 02:00:00+00:00, run_after=2025-01-02 02:00:00+00:00
[2025-09-09T10:27:36.568+0300] {processor.py:183} INFO - Processing /mnt/c/Users/Ogalo/Projects/EFT-Banking-Pipeline/airflow_home/dags/banking_data_pipeline.py took 9.462 seconds
[2025-09-09T10:28:06.728+0300] {processor.py:161} INFO - Started process (PID=16816) to work on /mnt/c/Users/Ogalo/Projects/EFT-Banking-Pipeline/airflow_home/dags/banking_data_pipeline.py
[2025-09-09T10:28:06.731+0300] {processor.py:830} INFO - Processing file /mnt/c/Users/Ogalo/Projects/EFT-Banking-Pipeline/airflow_home/dags/banking_data_pipeline.py for tasks to queue
[2025-09-09T10:28:06.734+0300] {logging_mixin.py:188} INFO - [2025-09-09T10:28:06.733+0300] {dagbag.py:540} INFO - Filling up the DagBag from /mnt/c/Users/Ogalo/Projects/EFT-Banking-Pipeline/airflow_home/dags/banking_data_pipeline.py
[2025-09-09T10:28:12.735+0300] {processor.py:840} INFO - DAG(s) 'banking_data_pipeline' retrieved from /mnt/c/Users/Ogalo/Projects/EFT-Banking-Pipeline/airflow_home/dags/banking_data_pipeline.py
[2025-09-09T10:28:12.903+0300] {logging_mixin.py:188} INFO - [2025-09-09T10:28:12.902+0300] {dag.py:3047} INFO - Sync 1 DAGs
[2025-09-09T10:28:12.929+0300] {logging_mixin.py:188} INFO - [2025-09-09T10:28:12.928+0300] {dag.py:3834} INFO - Setting next_dagrun for banking_data_pipeline to 2025-01-01 02:00:00+00:00, run_after=2025-01-02 02:00:00+00:00
[2025-09-09T10:28:12.960+0300] {processor.py:183} INFO - Processing /mnt/c/Users/Ogalo/Projects/EFT-Banking-Pipeline/airflow_home/dags/banking_data_pipeline.py took 6.236 seconds
[2025-09-09T10:28:43.311+0300] {processor.py:161} INFO - Started process (PID=16828) to work on /mnt/c/Users/Ogalo/Projects/EFT-Banking-Pipeline/airflow_home/dags/banking_data_pipeline.py
[2025-09-09T10:28:43.314+0300] {processor.py:830} INFO - Processing file /mnt/c/Users/Ogalo/Projects/EFT-Banking-Pipeline/airflow_home/dags/banking_data_pipeline.py for tasks to queue
[2025-09-09T10:28:43.318+0300] {logging_mixin.py:188} INFO - [2025-09-09T10:28:43.316+0300] {dagbag.py:540} INFO - Filling up the DagBag from /mnt/c/Users/Ogalo/Projects/EFT-Banking-Pipeline/airflow_home/dags/banking_data_pipeline.py
[2025-09-09T10:28:48.202+0300] {processor.py:840} INFO - DAG(s) 'banking_data_pipeline' retrieved from /mnt/c/Users/Ogalo/Projects/EFT-Banking-Pipeline/airflow_home/dags/banking_data_pipeline.py
[2025-09-09T10:28:48.340+0300] {logging_mixin.py:188} INFO - [2025-09-09T10:28:48.338+0300] {dag.py:3047} INFO - Sync 1 DAGs
[2025-09-09T10:28:48.364+0300] {logging_mixin.py:188} INFO - [2025-09-09T10:28:48.362+0300] {dag.py:3834} INFO - Setting next_dagrun for banking_data_pipeline to 2025-01-01 02:00:00+00:00, run_after=2025-01-02 02:00:00+00:00
[2025-09-09T10:28:48.394+0300] {processor.py:183} INFO - Processing /mnt/c/Users/Ogalo/Projects/EFT-Banking-Pipeline/airflow_home/dags/banking_data_pipeline.py took 5.088 seconds
[2025-09-09T10:29:18.857+0300] {processor.py:161} INFO - Started process (PID=16840) to work on /mnt/c/Users/Ogalo/Projects/EFT-Banking-Pipeline/airflow_home/dags/banking_data_pipeline.py
[2025-09-09T10:29:18.860+0300] {processor.py:830} INFO - Processing file /mnt/c/Users/Ogalo/Projects/EFT-Banking-Pipeline/airflow_home/dags/banking_data_pipeline.py for tasks to queue
[2025-09-09T10:29:18.864+0300] {logging_mixin.py:188} INFO - [2025-09-09T10:29:18.862+0300] {dagbag.py:540} INFO - Filling up the DagBag from /mnt/c/Users/Ogalo/Projects/EFT-Banking-Pipeline/airflow_home/dags/banking_data_pipeline.py
[2025-09-09T10:29:23.570+0300] {processor.py:840} INFO - DAG(s) 'banking_data_pipeline' retrieved from /mnt/c/Users/Ogalo/Projects/EFT-Banking-Pipeline/airflow_home/dags/banking_data_pipeline.py
[2025-09-09T10:29:23.682+0300] {logging_mixin.py:188} INFO - [2025-09-09T10:29:23.680+0300] {dag.py:3047} INFO - Sync 1 DAGs
[2025-09-09T10:29:23.702+0300] {logging_mixin.py:188} INFO - [2025-09-09T10:29:23.701+0300] {dag.py:3834} INFO - Setting next_dagrun for banking_data_pipeline to 2025-01-01 02:00:00+00:00, run_after=2025-01-02 02:00:00+00:00
[2025-09-09T10:29:23.732+0300] {processor.py:183} INFO - Processing /mnt/c/Users/Ogalo/Projects/EFT-Banking-Pipeline/airflow_home/dags/banking_data_pipeline.py took 4.878 seconds
[2025-09-09T10:29:54.632+0300] {processor.py:161} INFO - Started process (PID=16854) to work on /mnt/c/Users/Ogalo/Projects/EFT-Banking-Pipeline/airflow_home/dags/banking_data_pipeline.py
[2025-09-09T10:29:54.634+0300] {processor.py:830} INFO - Processing file /mnt/c/Users/Ogalo/Projects/EFT-Banking-Pipeline/airflow_home/dags/banking_data_pipeline.py for tasks to queue
[2025-09-09T10:29:54.638+0300] {logging_mixin.py:188} INFO - [2025-09-09T10:29:54.636+0300] {dagbag.py:540} INFO - Filling up the DagBag from /mnt/c/Users/Ogalo/Projects/EFT-Banking-Pipeline/airflow_home/dags/banking_data_pipeline.py
[2025-09-09T10:29:59.754+0300] {processor.py:840} INFO - DAG(s) 'banking_data_pipeline' retrieved from /mnt/c/Users/Ogalo/Projects/EFT-Banking-Pipeline/airflow_home/dags/banking_data_pipeline.py
[2025-09-09T10:29:59.884+0300] {logging_mixin.py:188} INFO - [2025-09-09T10:29:59.882+0300] {dag.py:3047} INFO - Sync 1 DAGs
[2025-09-09T10:29:59.907+0300] {logging_mixin.py:188} INFO - [2025-09-09T10:29:59.906+0300] {dag.py:3834} INFO - Setting next_dagrun for banking_data_pipeline to 2025-01-01 02:00:00+00:00, run_after=2025-01-02 02:00:00+00:00
[2025-09-09T10:29:59.939+0300] {processor.py:183} INFO - Processing /mnt/c/Users/Ogalo/Projects/EFT-Banking-Pipeline/airflow_home/dags/banking_data_pipeline.py took 5.311 seconds
[2025-09-09T10:30:30.223+0300] {processor.py:161} INFO - Started process (PID=16867) to work on /mnt/c/Users/Ogalo/Projects/EFT-Banking-Pipeline/airflow_home/dags/banking_data_pipeline.py
[2025-09-09T10:30:30.226+0300] {processor.py:830} INFO - Processing file /mnt/c/Users/Ogalo/Projects/EFT-Banking-Pipeline/airflow_home/dags/banking_data_pipeline.py for tasks to queue
[2025-09-09T10:30:30.230+0300] {logging_mixin.py:188} INFO - [2025-09-09T10:30:30.229+0300] {dagbag.py:540} INFO - Filling up the DagBag from /mnt/c/Users/Ogalo/Projects/EFT-Banking-Pipeline/airflow_home/dags/banking_data_pipeline.py
[2025-09-09T10:30:35.366+0300] {processor.py:840} INFO - DAG(s) 'banking_data_pipeline' retrieved from /mnt/c/Users/Ogalo/Projects/EFT-Banking-Pipeline/airflow_home/dags/banking_data_pipeline.py
[2025-09-09T10:30:35.529+0300] {logging_mixin.py:188} INFO - [2025-09-09T10:30:35.527+0300] {dag.py:3047} INFO - Sync 1 DAGs
[2025-09-09T10:30:35.555+0300] {logging_mixin.py:188} INFO - [2025-09-09T10:30:35.553+0300] {dag.py:3834} INFO - Setting next_dagrun for banking_data_pipeline to 2025-01-01 02:00:00+00:00, run_after=2025-01-02 02:00:00+00:00
[2025-09-09T10:30:35.590+0300] {processor.py:183} INFO - Processing /mnt/c/Users/Ogalo/Projects/EFT-Banking-Pipeline/airflow_home/dags/banking_data_pipeline.py took 5.371 seconds
[2025-09-09T10:31:06.178+0300] {processor.py:161} INFO - Started process (PID=16881) to work on /mnt/c/Users/Ogalo/Projects/EFT-Banking-Pipeline/airflow_home/dags/banking_data_pipeline.py
[2025-09-09T10:31:06.181+0300] {processor.py:830} INFO - Processing file /mnt/c/Users/Ogalo/Projects/EFT-Banking-Pipeline/airflow_home/dags/banking_data_pipeline.py for tasks to queue
[2025-09-09T10:31:06.185+0300] {logging_mixin.py:188} INFO - [2025-09-09T10:31:06.183+0300] {dagbag.py:540} INFO - Filling up the DagBag from /mnt/c/Users/Ogalo/Projects/EFT-Banking-Pipeline/airflow_home/dags/banking_data_pipeline.py
[2025-09-09T10:31:10.991+0300] {processor.py:840} INFO - DAG(s) 'banking_data_pipeline' retrieved from /mnt/c/Users/Ogalo/Projects/EFT-Banking-Pipeline/airflow_home/dags/banking_data_pipeline.py
[2025-09-09T10:31:11.119+0300] {logging_mixin.py:188} INFO - [2025-09-09T10:31:11.117+0300] {dag.py:3047} INFO - Sync 1 DAGs
[2025-09-09T10:31:11.142+0300] {logging_mixin.py:188} INFO - [2025-09-09T10:31:11.141+0300] {dag.py:3834} INFO - Setting next_dagrun for banking_data_pipeline to 2025-01-01 02:00:00+00:00, run_after=2025-01-02 02:00:00+00:00
[2025-09-09T10:31:11.172+0300] {processor.py:183} INFO - Processing /mnt/c/Users/Ogalo/Projects/EFT-Banking-Pipeline/airflow_home/dags/banking_data_pipeline.py took 4.999 seconds
[2025-09-09T10:31:41.849+0300] {processor.py:161} INFO - Started process (PID=16893) to work on /mnt/c/Users/Ogalo/Projects/EFT-Banking-Pipeline/airflow_home/dags/banking_data_pipeline.py
[2025-09-09T10:31:41.852+0300] {processor.py:830} INFO - Processing file /mnt/c/Users/Ogalo/Projects/EFT-Banking-Pipeline/airflow_home/dags/banking_data_pipeline.py for tasks to queue
[2025-09-09T10:31:41.856+0300] {logging_mixin.py:188} INFO - [2025-09-09T10:31:41.854+0300] {dagbag.py:540} INFO - Filling up the DagBag from /mnt/c/Users/Ogalo/Projects/EFT-Banking-Pipeline/airflow_home/dags/banking_data_pipeline.py
[2025-09-09T10:31:47.692+0300] {processor.py:840} INFO - DAG(s) 'banking_data_pipeline' retrieved from /mnt/c/Users/Ogalo/Projects/EFT-Banking-Pipeline/airflow_home/dags/banking_data_pipeline.py
[2025-09-09T10:31:47.959+0300] {logging_mixin.py:188} INFO - [2025-09-09T10:31:47.957+0300] {dag.py:3047} INFO - Sync 1 DAGs
[2025-09-09T10:31:47.982+0300] {logging_mixin.py:188} INFO - [2025-09-09T10:31:47.981+0300] {dag.py:3834} INFO - Setting next_dagrun for banking_data_pipeline to 2025-01-01 02:00:00+00:00, run_after=2025-01-02 02:00:00+00:00
[2025-09-09T10:31:48.161+0300] {processor.py:183} INFO - Processing /mnt/c/Users/Ogalo/Projects/EFT-Banking-Pipeline/airflow_home/dags/banking_data_pipeline.py took 6.315 seconds
[2025-09-09T10:32:18.330+0300] {processor.py:161} INFO - Started process (PID=16906) to work on /mnt/c/Users/Ogalo/Projects/EFT-Banking-Pipeline/airflow_home/dags/banking_data_pipeline.py
[2025-09-09T10:32:18.333+0300] {processor.py:830} INFO - Processing file /mnt/c/Users/Ogalo/Projects/EFT-Banking-Pipeline/airflow_home/dags/banking_data_pipeline.py for tasks to queue
[2025-09-09T10:32:18.337+0300] {logging_mixin.py:188} INFO - [2025-09-09T10:32:18.335+0300] {dagbag.py:540} INFO - Filling up the DagBag from /mnt/c/Users/Ogalo/Projects/EFT-Banking-Pipeline/airflow_home/dags/banking_data_pipeline.py
[2025-09-09T10:32:25.386+0300] {processor.py:840} INFO - DAG(s) 'banking_data_pipeline' retrieved from /mnt/c/Users/Ogalo/Projects/EFT-Banking-Pipeline/airflow_home/dags/banking_data_pipeline.py
[2025-09-09T10:32:25.781+0300] {logging_mixin.py:188} INFO - [2025-09-09T10:32:25.779+0300] {dag.py:3047} INFO - Sync 1 DAGs
[2025-09-09T10:32:25.855+0300] {logging_mixin.py:188} INFO - [2025-09-09T10:32:25.852+0300] {dag.py:3834} INFO - Setting next_dagrun for banking_data_pipeline to 2025-01-01 02:00:00+00:00, run_after=2025-01-02 02:00:00+00:00
[2025-09-09T10:32:25.918+0300] {processor.py:183} INFO - Processing /mnt/c/Users/Ogalo/Projects/EFT-Banking-Pipeline/airflow_home/dags/banking_data_pipeline.py took 7.467 seconds
[2025-09-09T10:32:56.427+0300] {processor.py:161} INFO - Started process (PID=16920) to work on /mnt/c/Users/Ogalo/Projects/EFT-Banking-Pipeline/airflow_home/dags/banking_data_pipeline.py
[2025-09-09T10:32:56.430+0300] {processor.py:830} INFO - Processing file /mnt/c/Users/Ogalo/Projects/EFT-Banking-Pipeline/airflow_home/dags/banking_data_pipeline.py for tasks to queue
[2025-09-09T10:32:56.434+0300] {logging_mixin.py:188} INFO - [2025-09-09T10:32:56.432+0300] {dagbag.py:540} INFO - Filling up the DagBag from /mnt/c/Users/Ogalo/Projects/EFT-Banking-Pipeline/airflow_home/dags/banking_data_pipeline.py
[2025-09-09T10:33:01.936+0300] {processor.py:840} INFO - DAG(s) 'banking_data_pipeline' retrieved from /mnt/c/Users/Ogalo/Projects/EFT-Banking-Pipeline/airflow_home/dags/banking_data_pipeline.py
[2025-09-09T10:33:02.070+0300] {logging_mixin.py:188} INFO - [2025-09-09T10:33:02.068+0300] {dag.py:3047} INFO - Sync 1 DAGs
[2025-09-09T10:33:02.091+0300] {logging_mixin.py:188} INFO - [2025-09-09T10:33:02.090+0300] {dag.py:3834} INFO - Setting next_dagrun for banking_data_pipeline to 2025-01-01 02:00:00+00:00, run_after=2025-01-02 02:00:00+00:00
[2025-09-09T10:33:02.121+0300] {processor.py:183} INFO - Processing /mnt/c/Users/Ogalo/Projects/EFT-Banking-Pipeline/airflow_home/dags/banking_data_pipeline.py took 5.700 seconds
[2025-09-09T10:33:32.644+0300] {processor.py:161} INFO - Started process (PID=16932) to work on /mnt/c/Users/Ogalo/Projects/EFT-Banking-Pipeline/airflow_home/dags/banking_data_pipeline.py
[2025-09-09T10:33:32.648+0300] {processor.py:830} INFO - Processing file /mnt/c/Users/Ogalo/Projects/EFT-Banking-Pipeline/airflow_home/dags/banking_data_pipeline.py for tasks to queue
[2025-09-09T10:33:32.652+0300] {logging_mixin.py:188} INFO - [2025-09-09T10:33:32.651+0300] {dagbag.py:540} INFO - Filling up the DagBag from /mnt/c/Users/Ogalo/Projects/EFT-Banking-Pipeline/airflow_home/dags/banking_data_pipeline.py
[2025-09-09T10:33:37.567+0300] {processor.py:840} INFO - DAG(s) 'banking_data_pipeline' retrieved from /mnt/c/Users/Ogalo/Projects/EFT-Banking-Pipeline/airflow_home/dags/banking_data_pipeline.py
[2025-09-09T10:33:37.717+0300] {logging_mixin.py:188} INFO - [2025-09-09T10:33:37.714+0300] {dag.py:3047} INFO - Sync 1 DAGs
[2025-09-09T10:33:37.742+0300] {logging_mixin.py:188} INFO - [2025-09-09T10:33:37.740+0300] {dag.py:3834} INFO - Setting next_dagrun for banking_data_pipeline to 2025-01-01 02:00:00+00:00, run_after=2025-01-02 02:00:00+00:00
[2025-09-09T10:33:37.773+0300] {processor.py:183} INFO - Processing /mnt/c/Users/Ogalo/Projects/EFT-Banking-Pipeline/airflow_home/dags/banking_data_pipeline.py took 5.144 seconds
[2025-09-09T10:34:08.147+0300] {processor.py:161} INFO - Started process (PID=16944) to work on /mnt/c/Users/Ogalo/Projects/EFT-Banking-Pipeline/airflow_home/dags/banking_data_pipeline.py
[2025-09-09T10:34:08.150+0300] {processor.py:830} INFO - Processing file /mnt/c/Users/Ogalo/Projects/EFT-Banking-Pipeline/airflow_home/dags/banking_data_pipeline.py for tasks to queue
[2025-09-09T10:34:08.153+0300] {logging_mixin.py:188} INFO - [2025-09-09T10:34:08.152+0300] {dagbag.py:540} INFO - Filling up the DagBag from /mnt/c/Users/Ogalo/Projects/EFT-Banking-Pipeline/airflow_home/dags/banking_data_pipeline.py
[2025-09-09T10:34:14.083+0300] {processor.py:840} INFO - DAG(s) 'banking_data_pipeline' retrieved from /mnt/c/Users/Ogalo/Projects/EFT-Banking-Pipeline/airflow_home/dags/banking_data_pipeline.py
[2025-09-09T10:34:14.267+0300] {logging_mixin.py:188} INFO - [2025-09-09T10:34:14.265+0300] {dag.py:3047} INFO - Sync 1 DAGs
[2025-09-09T10:34:14.291+0300] {logging_mixin.py:188} INFO - [2025-09-09T10:34:14.289+0300] {dag.py:3834} INFO - Setting next_dagrun for banking_data_pipeline to 2025-01-01 02:00:00+00:00, run_after=2025-01-02 02:00:00+00:00
[2025-09-09T10:34:14.325+0300] {processor.py:183} INFO - Processing /mnt/c/Users/Ogalo/Projects/EFT-Banking-Pipeline/airflow_home/dags/banking_data_pipeline.py took 6.181 seconds
[2025-09-09T10:34:44.877+0300] {processor.py:161} INFO - Started process (PID=16958) to work on /mnt/c/Users/Ogalo/Projects/EFT-Banking-Pipeline/airflow_home/dags/banking_data_pipeline.py
[2025-09-09T10:34:44.879+0300] {processor.py:830} INFO - Processing file /mnt/c/Users/Ogalo/Projects/EFT-Banking-Pipeline/airflow_home/dags/banking_data_pipeline.py for tasks to queue
[2025-09-09T10:34:44.883+0300] {logging_mixin.py:188} INFO - [2025-09-09T10:34:44.882+0300] {dagbag.py:540} INFO - Filling up the DagBag from /mnt/c/Users/Ogalo/Projects/EFT-Banking-Pipeline/airflow_home/dags/banking_data_pipeline.py
[2025-09-09T10:34:52.997+0300] {processor.py:840} INFO - DAG(s) 'banking_data_pipeline' retrieved from /mnt/c/Users/Ogalo/Projects/EFT-Banking-Pipeline/airflow_home/dags/banking_data_pipeline.py
[2025-09-09T10:34:53.158+0300] {logging_mixin.py:188} INFO - [2025-09-09T10:34:53.157+0300] {dag.py:3047} INFO - Sync 1 DAGs
[2025-09-09T10:34:53.187+0300] {logging_mixin.py:188} INFO - [2025-09-09T10:34:53.185+0300] {dag.py:3834} INFO - Setting next_dagrun for banking_data_pipeline to 2025-01-01 02:00:00+00:00, run_after=2025-01-02 02:00:00+00:00
[2025-09-09T10:34:53.220+0300] {processor.py:183} INFO - Processing /mnt/c/Users/Ogalo/Projects/EFT-Banking-Pipeline/airflow_home/dags/banking_data_pipeline.py took 8.346 seconds
[2025-09-09T10:35:23.359+0300] {processor.py:161} INFO - Started process (PID=16970) to work on /mnt/c/Users/Ogalo/Projects/EFT-Banking-Pipeline/airflow_home/dags/banking_data_pipeline.py
[2025-09-09T10:35:23.362+0300] {processor.py:830} INFO - Processing file /mnt/c/Users/Ogalo/Projects/EFT-Banking-Pipeline/airflow_home/dags/banking_data_pipeline.py for tasks to queue
[2025-09-09T10:35:23.365+0300] {logging_mixin.py:188} INFO - [2025-09-09T10:35:23.364+0300] {dagbag.py:540} INFO - Filling up the DagBag from /mnt/c/Users/Ogalo/Projects/EFT-Banking-Pipeline/airflow_home/dags/banking_data_pipeline.py
[2025-09-09T10:35:29.961+0300] {processor.py:840} INFO - DAG(s) 'banking_data_pipeline' retrieved from /mnt/c/Users/Ogalo/Projects/EFT-Banking-Pipeline/airflow_home/dags/banking_data_pipeline.py
[2025-09-09T10:35:30.192+0300] {logging_mixin.py:188} INFO - [2025-09-09T10:35:30.190+0300] {dag.py:3047} INFO - Sync 1 DAGs
[2025-09-09T10:35:30.233+0300] {logging_mixin.py:188} INFO - [2025-09-09T10:35:30.231+0300] {dag.py:3834} INFO - Setting next_dagrun for banking_data_pipeline to 2025-01-01 02:00:00+00:00, run_after=2025-01-02 02:00:00+00:00
[2025-09-09T10:35:30.271+0300] {processor.py:183} INFO - Processing /mnt/c/Users/Ogalo/Projects/EFT-Banking-Pipeline/airflow_home/dags/banking_data_pipeline.py took 6.793 seconds
